npm verbose cli C:\Program Files\nodejs\node.exe C:\Users\netog\AppData\Roaming\npm\node_modules\npm\bin\npm-cli.js
npm info using npm@10.8.2
npm info using node@v20.9.0
npm verbose title npm install
npm verbose argv "install" "--legacy-peer-deps" "--loglevel" "verbose"
npm verbose logfile logs-max:10 dir:C:\Users\netog\AppData\Local\npm-cache\_logs\2024-08-11T20_08_39_223Z-
npm verbose logfile C:\Users\netog\AppData\Local\npm-cache\_logs\2024-08-11T20_08_39_223Z-debug-0.log
npm http fetch GET 200 https://registry.npmjs.org/@faker-js%2ffaker 11ms (cache hit)
npm http fetch GET 200 https://registry.npmjs.org/cypress-mochawesome-reporter 601ms (cache revalidated)
npm http fetch GET 200 https://registry.npmjs.org/browserstack-cypress-cli 356ms (cache revalidated)
npm http fetch GET 200 https://registry.npmjs.org/cypress 177ms (cache revalidated)
npm http fetch GET 200 https://registry.npmjs.org/archiver 570ms (cache revalidated)
npm http fetch GET 200 https://registry.npmjs.org/cli-progress 596ms (cache revalidated)
npm http fetch GET 200 https://registry.npmjs.org/glob 614ms (cache revalidated)
npm http fetch GET 200 https://registry.npmjs.org/async 626ms (cache revalidated)
npm http fetch GET 200 https://registry.npmjs.org/chalk 628ms (cache revalidated)
npm http fetch GET 200 https://registry.npmjs.org/gitconfiglocal 628ms (cache revalidated)
npm http fetch GET 200 https://registry.npmjs.org/fs-extra 640ms (cache revalidated)
npm http fetch GET 200 https://registry.npmjs.org/mocha 168ms (cache revalidated)
npm http fetch GET 200 https://registry.npmjs.org/browserstack-local 766ms (cache revalidated)
npm http fetch GET 200 https://registry.npmjs.org/mkdirp 170ms (cache revalidated)
npm http fetch GET 200 https://registry.npmjs.org/table 183ms (cache revalidated)
npm http fetch GET 200 https://registry.npmjs.org/request 195ms (cache revalidated)
npm http fetch GET 200 https://registry.npmjs.org/uuid 160ms (cache revalidated)
npm http fetch GET 200 https://registry.npmjs.org/windows-release 189ms (cache revalidated)
npm http fetch GET 200 https://registry.npmjs.org/winston 206ms (cache revalidated)
npm http fetch GET 200 https://registry.npmjs.org/yargs 180ms (cache revalidated)
npm http fetch GET 200 https://registry.npmjs.org/tmp 150ms (cache revalidated)
npm http fetch GET 200 https://registry.npmjs.org/arch 174ms (cache revalidated)
npm http fetch GET 200 https://registry.npmjs.org/git-repo-info 1160ms (cache revalidated)
npm http fetch GET 200 https://registry.npmjs.org/dayjs 186ms (cache revalidated)
npm http fetch GET 200 https://registry.npmjs.org/git-last-commit 1178ms (cache revalidated)
npm http fetch GET 200 https://registry.npmjs.org/debug 176ms (cache revalidated)
npm http fetch GET 200 https://registry.npmjs.org/getmac 1185ms (cache revalidated)
npm http fetch GET 200 https://registry.npmjs.org/execa 163ms (cache revalidated)
npm http fetch GET 200 https://registry.npmjs.org/getos 168ms (cache revalidated)
npm http fetch GET 200 https://registry.npmjs.org/yauzl 161ms (cache revalidated)
npm http fetch GET 200 https://registry.npmjs.org/buffer 178ms (cache revalidated)
npm http fetch GET 200 https://registry.npmjs.org/lodash 168ms (cache revalidated)
npm http fetch GET 200 https://registry.npmjs.org/listr2 203ms (cache revalidated)
npm http fetch GET 200 https://registry.npmjs.org/node-ipc 773ms (cache revalidated)
npm http fetch GET 200 https://registry.npmjs.org/update-notifier 760ms (cache revalidated)
npm http fetch GET 200 https://registry.npmjs.org/semver 154ms (cache revalidated)
npm http fetch GET 200 https://registry.npmjs.org/requestretry 840ms (cache revalidated)
npm http fetch GET 200 https://registry.npmjs.org/figures 161ms (cache revalidated)
npm http fetch GET 200 https://registry.npmjs.org/process 188ms (cache revalidated)
npm http fetch GET 200 https://registry.npmjs.org/bluebird 193ms (cache revalidated)
npm http fetch GET 200 https://registry.npmjs.org/cachedir 178ms (cache revalidated)
npm http fetch GET 200 https://registry.npmjs.org/decompress 767ms (cache revalidated)
npm http fetch GET 200 https://registry.npmjs.org/minimist 151ms (cache revalidated)
npm http fetch GET 200 https://registry.npmjs.org/commander 164ms (cache revalidated)
npm http fetch GET 200 https://registry.npmjs.org/untildify 167ms (cache revalidated)
npm http fetch GET 200 https://registry.npmjs.org/cli-cursor 171ms (cache revalidated)
npm http fetch GET 200 https://registry.npmjs.org/cli-table3 172ms (cache revalidated)
npm http fetch GET 200 https://registry.npmjs.org/log-symbols 173ms (cache revalidated)
npm http fetch GET 200 https://registry.npmjs.org/is-ci 738ms (cache revalidated)
npm http fetch GET 200 https://registry.npmjs.org/pretty-bytes 198ms (cache revalidated)
npm http fetch GET 200 https://registry.npmjs.org/ospath 749ms (cache revalidated)
npm http fetch GET 200 https://registry.npmjs.org/proxy-from-env 175ms (cache revalidated)
npm http fetch GET 200 https://registry.npmjs.org/supports-color 150ms (cache revalidated)
npm http fetch GET 200 https://registry.npmjs.org/lazy-ass 743ms (cache revalidated)
npm http fetch GET 200 https://registry.npmjs.org/@cypress%2fxvfb 478ms (cache revalidated)
npm http fetch GET 200 https://registry.npmjs.org/blob-util 766ms (cache revalidated)
npm http fetch GET 200 https://registry.npmjs.org/enquirer 845ms (cache revalidated)
npm http fetch GET 200 https://registry.npmjs.org/executable 730ms (cache revalidated)
npm http fetch GET 200 https://registry.npmjs.org/common-tags 748ms (cache revalidated)
npm http fetch GET 200 https://registry.npmjs.org/is-installed-globally 173ms (cache revalidated)
npm http fetch GET 200 https://registry.npmjs.org/extract-zip 743ms (cache revalidated)
npm http fetch GET 200 https://registry.npmjs.org/mochawesome-merge 178ms (cache revalidated)
npm http fetch GET 200 https://registry.npmjs.org/@cypress%2frequest 462ms (cache revalidated)
npm http fetch GET 200 https://registry.npmjs.org/eventemitter2 765ms (cache revalidated)
npm http fetch GET 200 https://registry.npmjs.org/check-more-types 711ms (cache revalidated)
npm http fetch GET 200 https://registry.npmjs.org/request-progress 774ms (cache revalidated)
npm http fetch GET 200 https://registry.npmjs.org/mochawesome 734ms (cache revalidated)
npm http fetch GET 200 https://registry.npmjs.org/mochawesome-report-generator 739ms (cache revalidated)
npm http fetch GET 200 https://registry.npmjs.org/@types%2fsizzle 1304ms (cache revalidated)
npm http fetch GET 200 https://registry.npmjs.org/@types%2fsinonjs__fake-timers 1306ms (cache revalidated)
npm http fetch GET 200 https://registry.npmjs.org/readdir-glob 179ms (cache revalidated)
npm http fetch GET 200 https://registry.npmjs.org/tar-stream 183ms (cache revalidated)
npm http fetch GET 200 https://registry.npmjs.org/buffer-crc32 190ms (cache revalidated)
npm http fetch GET 200 https://registry.npmjs.org/https-proxy-agent 190ms (cache revalidated)
npm http fetch GET 200 https://registry.npmjs.org/archiver-utils 193ms (cache revalidated)
npm http fetch GET 200 https://registry.npmjs.org/readable-stream 197ms (cache revalidated)
npm http fetch GET 200 https://registry.npmjs.org/agent-base 201ms (cache revalidated)
npm http fetch GET 200 https://registry.npmjs.org/ansi-styles 164ms (cache revalidated)
npm http fetch GET 200 https://registry.npmjs.org/string-width 171ms (cache revalidated)
npm http fetch GET 200 https://registry.npmjs.org/decompress-tar 174ms (cache revalidated)
npm http fetch GET 200 https://registry.npmjs.org/ps-tree 365ms (cache revalidated)
npm http fetch GET 200 https://registry.npmjs.org/graceful-fs 173ms (cache revalidated)
npm http fetch GET 200 https://registry.npmjs.org/make-dir 155ms (cache revalidated)
npm http fetch GET 200 https://registry.npmjs.org/graceful-fs 151ms (cache revalidated)
npm http fetch GET 200 https://registry.npmjs.org/pify 172ms (cache revalidated)
npm http fetch GET 200 https://registry.npmjs.org/jsonfile 168ms (cache revalidated)
npm http fetch GET 200 https://registry.npmjs.org/strip-dirs 201ms (cache revalidated)
npm http fetch GET 200 https://registry.npmjs.org/decompress-targz 377ms (cache revalidated)
npm http fetch GET 200 https://registry.npmjs.org/universalify 154ms (cache revalidated)
npm http fetch GET 200 https://registry.npmjs.org/ini 160ms (cache revalidated)
npm http fetch GET 200 https://registry.npmjs.org/@types%2fnode 180ms (cache revalidated)
npm http fetch GET 200 https://registry.npmjs.org/zip-stream 780ms (cache revalidated)
npm http fetch GET 200 https://registry.npmjs.org/inherits 212ms (cache revalidated)
npm http fetch GET 200 https://registry.npmjs.org/is-running 783ms (cache revalidated)
npm http fetch GET 200 https://registry.npmjs.org/once 235ms (cache revalidated)
npm http fetch GET 200 https://registry.npmjs.org/inflight 218ms (cache revalidated)
npm http fetch GET 200 https://registry.npmjs.org/temp-fs 785ms (cache revalidated)
npm http fetch GET 200 https://registry.npmjs.org/minimatch 158ms (cache revalidated)
npm http fetch GET 200 https://registry.npmjs.org/decompress-tarbz2 743ms (cache revalidated)
npm http fetch GET 200 https://registry.npmjs.org/chokidar 160ms (cache revalidated)
npm http fetch GET 200 https://registry.npmjs.org/path-is-absolute 187ms (cache revalidated)
npm http fetch GET 200 https://registry.npmjs.org/find-up 169ms (cache revalidated)
npm http fetch GET 200 https://registry.npmjs.org/diff 176ms (cache revalidated)
npm http fetch GET 200 https://registry.npmjs.org/escape-string-regexp 177ms (cache revalidated)
npm http fetch GET 200 https://registry.npmjs.org/ansi-colors 185ms (cache revalidated)
npm http fetch GET 200 https://registry.npmjs.org/yargs 8ms (cache hit)
npm http fetch GET 200 https://registry.npmjs.org/he 166ms (cache revalidated)
npm http fetch GET 200 https://registry.npmjs.org/decompress-unzip 833ms (cache revalidated)
npm http fetch GET 200 https://registry.npmjs.org/ms 153ms (cache revalidated)
npm http fetch GET 200 https://registry.npmjs.org/serialize-javascript 161ms (cache revalidated)
npm http fetch GET 200 https://registry.npmjs.org/js-yaml 180ms (cache revalidated)
npm http fetch GET 200 https://registry.npmjs.org/strip-json-comments 172ms (cache revalidated)
npm http fetch GET 200 https://registry.npmjs.org/yargs-parser 180ms (cache revalidated)
npm http fetch GET 200 https://registry.npmjs.org/js-message 179ms (cache revalidated)
npm http fetch GET 200 https://registry.npmjs.org/aws4 178ms (cache revalidated)
npm http fetch GET 200 https://registry.npmjs.org/combined-stream 168ms (cache revalidated)
npm http fetch GET 200 https://registry.npmjs.org/extend 176ms (cache revalidated)
npm http fetch GET 200 https://registry.npmjs.org/forever-agent 184ms (cache revalidated)
npm http fetch GET 200 https://registry.npmjs.org/form-data 165ms (cache revalidated)
npm http fetch GET 200 https://registry.npmjs.org/fs.realpath 813ms (cache revalidated)
npm http fetch GET 200 https://registry.npmjs.org/browser-stdout 759ms (cache revalidated)
npm http fetch GET 200 https://registry.npmjs.org/http-signature 170ms (cache revalidated)
npm http fetch GET 200 https://registry.npmjs.org/is-typedarray 186ms (cache revalidated)
npm http fetch GET 200 https://registry.npmjs.org/workerpool 735ms (cache revalidated)
npm http fetch GET 200 https://registry.npmjs.org/yargs-unparser 724ms (cache revalidated)
npm http fetch GET 200 https://registry.npmjs.org/event-pubsub 723ms (cache revalidated)
npm http fetch GET 200 https://registry.npmjs.org/json-stringify-safe 182ms (cache revalidated)
npm http fetch GET 200 https://registry.npmjs.org/mime-types 166ms (cache revalidated)
npm http fetch GET 200 https://registry.npmjs.org/aws-sign2 723ms (cache revalidated)
npm http fetch GET 200 https://registry.npmjs.org/oauth-sign 169ms (cache revalidated)
npm http fetch GET 200 https://registry.npmjs.org/js-queue 747ms (cache revalidated)
npm http fetch GET 200 https://registry.npmjs.org/caseless 723ms (cache revalidated)
npm http fetch GET 200 https://registry.npmjs.org/safe-buffer 154ms (cache revalidated)
npm http fetch GET 200 https://registry.npmjs.org/qs 159ms (cache revalidated)
npm http fetch GET 200 https://registry.npmjs.org/tough-cookie 175ms (cache revalidated)
npm http fetch GET 200 https://registry.npmjs.org/ajv 168ms (cache revalidated)
npm http fetch GET 200 https://registry.npmjs.org/slice-ansi 173ms (cache revalidated)
npm http fetch GET 200 https://registry.npmjs.org/tunnel-agent 198ms (cache revalidated)
npm http fetch GET 200 https://registry.npmjs.org/boxen 168ms (cache revalidated)
npm http fetch GET 200 https://registry.npmjs.org/is-npm 172ms (cache revalidated)
npm http fetch GET 200 https://registry.npmjs.org/performance-now 362ms (cache revalidated)
npm http fetch GET 200 https://registry.npmjs.org/har-validator 754ms (cache revalidated)
npm http fetch GET 200 https://registry.npmjs.org/semver-diff 180ms (cache revalidated)
npm http fetch GET 200 https://registry.npmjs.org/xdg-basedir 186ms (cache revalidated)
npm http fetch GET 200 https://registry.npmjs.org/isstream 709ms (cache revalidated)
npm http fetch GET 200 https://registry.npmjs.org/import-lazy 224ms (cache revalidated)
npm http fetch GET 200 https://registry.npmjs.org/isstream 163ms (cache revalidated)
npm http fetch GET 200 https://registry.npmjs.org/y18n 156ms (cache revalidated)
npm http fetch GET 200 https://registry.npmjs.org/cliui 170ms (cache revalidated)
npm http fetch GET 200 https://registry.npmjs.org/set-blocking 156ms (cache revalidated)
npm http fetch GET 200 https://registry.npmjs.org/decamelize 176ms (cache revalidated)
npm http fetch GET 200 https://registry.npmjs.org/stack-trace 360ms (cache revalidated)
npm http fetch GET 200 https://registry.npmjs.org/which-module 164ms (cache revalidated)
npm http fetch GET 200 https://registry.npmjs.org/pupa 731ms (cache revalidated)
npm http fetch GET 200 https://registry.npmjs.org/is-in-ci 727ms (cache revalidated)
npm http fetch GET 200 https://registry.npmjs.org/configstore 723ms (cache revalidated)
npm http fetch GET 200 https://registry.npmjs.org/get-caller-file 154ms (cache revalidated)
npm http fetch GET 200 https://registry.npmjs.org/require-directory 170ms (cache revalidated)
npm http fetch GET 200 https://registry.npmjs.org/require-main-filename 166ms (cache revalidated)
npm http fetch GET 200 https://registry.npmjs.org/latest-version 725ms (cache revalidated)
npm http fetch GET 200 https://registry.npmjs.org/eyes 717ms (cache revalidated)
npm http fetch GET 200 https://registry.npmjs.org/cycle 730ms (cache revalidated)
npm http fetch GET 200 https://registry.npmjs.org/colors 745ms (cache revalidated)
npm http fetch GET 200 https://registry.npmjs.org/lodash.defaults 172ms (cache revalidated)
npm http fetch GET 200 https://registry.npmjs.org/lodash.isplainobject 174ms (cache revalidated)
npm http fetch GET 200 https://registry.npmjs.org/string_decoder 177ms (cache revalidated)
npm http fetch GET 200 https://registry.npmjs.org/end-of-stream 178ms (cache revalidated)
npm http fetch GET 200 https://registry.npmjs.org/lodash.flatten 185ms (cache revalidated)
npm http fetch GET 200 https://registry.npmjs.org/lodash.difference 187ms (cache revalidated)
npm http fetch GET 200 https://registry.npmjs.org/bl 182ms (cache revalidated)
npm http fetch GET 200 https://registry.npmjs.org/normalize-path 193ms (cache revalidated)
npm http fetch GET 200 https://registry.npmjs.org/util-deprecate 192ms (cache revalidated)
npm http fetch GET 200 https://registry.npmjs.org/lazystream 204ms (cache revalidated)
npm http fetch GET 200 https://registry.npmjs.org/lodash.union 221ms (cache revalidated)
npm http fetch GET 200 https://registry.npmjs.org/fs-constants 171ms (cache revalidated)
npm http fetch GET 200 https://registry.npmjs.org/compress-commons 768ms (cache revalidated)
npm http fetch GET 200 https://registry.npmjs.org/core-util-is 159ms (cache revalidated)
npm http fetch GET 200 https://registry.npmjs.org/isarray 172ms (cache revalidated)
npm http fetch GET 200 https://registry.npmjs.org/process-nextick-args 189ms (cache revalidated)
npm http fetch GET 200 https://registry.npmjs.org/rimraf 167ms (cache revalidated)
npm http fetch GET 200 https://registry.npmjs.org/event-stream 198ms (cache revalidated)
npm http fetch GET 200 https://registry.npmjs.org/color-convert 167ms (cache revalidated)
npm http fetch GET 200 https://registry.npmjs.org/has-flag 171ms (cache revalidated)
npm http fetch GET 200 https://registry.npmjs.org/color-name 165ms (cache revalidated)
npm http fetch GET 200 https://registry.npmjs.org/is-fullwidth-code-point 154ms (cache revalidated)
npm http fetch GET 200 https://registry.npmjs.org/strip-ansi 155ms (cache revalidated)
npm http fetch GET 200 https://registry.npmjs.org/emoji-regex 162ms (cache revalidated)
npm http fetch GET 200 https://registry.npmjs.org/merge-stream 160ms (cache revalidated)
npm http fetch GET 200 https://registry.npmjs.org/is-stream 170ms (cache revalidated)
npm http fetch GET 200 https://registry.npmjs.org/signal-exit 170ms (cache revalidated)
npm http fetch GET 200 https://registry.npmjs.org/cross-spawn 172ms (cache revalidated)
npm http fetch GET 200 https://registry.npmjs.org/restore-cursor 182ms (cache revalidated)
npm http fetch GET 200 https://registry.npmjs.org/lodash.once 186ms (cache revalidated)
npm http fetch GET 200 https://registry.npmjs.org/onetime 185ms (cache revalidated)
npm http fetch GET 200 https://registry.npmjs.org/ieee754 188ms (cache revalidated)
npm http fetch GET 200 https://registry.npmjs.org/get-stream 185ms (cache revalidated)
npm http fetch GET 200 https://registry.npmjs.org/@colors%2fcolors 197ms (cache revalidated)
npm http fetch GET 200 https://registry.npmjs.org/npm-run-path 152ms (cache revalidated)
npm http fetch GET 200 https://registry.npmjs.org/get-stream 161ms (cache revalidated)
npm http fetch GET 200 https://registry.npmjs.org/strip-final-newline 172ms (cache revalidated)
npm http fetch GET 200 https://registry.npmjs.org/human-signals 175ms (cache revalidated)
npm http fetch GET 200 https://registry.npmjs.org/at-least-node 172ms (cache revalidated)
npm http fetch GET 200 https://registry.npmjs.org/global-dirs 170ms (cache revalidated)
npm http fetch GET 200 https://registry.npmjs.org/is-path-inside 170ms (cache revalidated)
npm http fetch GET 200 https://registry.npmjs.org/ci-info 175ms (cache revalidated)
npm http fetch GET 200 https://registry.npmjs.org/rfdc 183ms (cache revalidated)
npm http fetch GET 200 https://registry.npmjs.org/rxjs 152ms (cache revalidated)
npm http fetch GET 200 https://registry.npmjs.org/through 159ms (cache revalidated)
npm http fetch GET 200 https://registry.npmjs.org/colorette 170ms (cache revalidated)
npm http fetch GET 200 https://registry.npmjs.org/wrap-ansi 172ms (cache revalidated)
npm http fetch GET 200 https://registry.npmjs.org/log-update 172ms (cache revalidated)
npm http fetch GET 200 https://registry.npmjs.org/is-unicode-supported 169ms (cache revalidated)
npm http fetch GET 200 https://registry.npmjs.org/cli-truncate 184ms (cache revalidated)
npm http fetch GET 200 https://registry.npmjs.org/throttleit 184ms (cache revalidated)
npm http fetch GET 200 https://registry.npmjs.org/base64-js 736ms (cache revalidated)
npm http fetch GET 200 https://registry.npmjs.org/p-map 719ms (cache revalidated)
npm http fetch GET 200 https://registry.npmjs.org/fd-slicer 723ms (cache revalidated)
npm http fetch GET 200 https://registry.npmjs.org/@types%2fyauzl 1368ms (cache revalidated)
npm http fetch GET 200 https://registry.npmjs.org/punycode 164ms (cache revalidated)
npm http fetch GET 200 https://registry.npmjs.org/url-parse 166ms (cache revalidated)
npm http fetch GET 200 https://registry.npmjs.org/jsprim 172ms (cache revalidated)
npm http fetch GET 200 https://registry.npmjs.org/psl 172ms (cache revalidated)
npm http fetch GET 200 https://registry.npmjs.org/mime-db 176ms (cache revalidated)
npm http fetch GET 200 https://registry.npmjs.org/delayed-stream 181ms (cache revalidated)
npm http fetch GET 200 https://registry.npmjs.org/sshpk 179ms (cache revalidated)
npm http fetch GET 200 https://registry.npmjs.org/side-channel 182ms (cache revalidated)
npm http fetch GET 200 https://registry.npmjs.org/asynckit 187ms (cache revalidated)
npm http fetch GET 200 https://registry.npmjs.org/assert-plus 188ms (cache revalidated)
npm http fetch GET 200 https://registry.npmjs.org/yargs 17ms (cache hit)
npm http fetch GET 200 https://registry.npmjs.org/lodash.isstring 169ms (cache revalidated)
npm http fetch GET 200 https://registry.npmjs.org/prop-types 172ms (cache revalidated)
npm http fetch GET 200 https://registry.npmjs.org/fsu 182ms (cache revalidated)
npm http fetch GET 200 https://registry.npmjs.org/yargs 4ms (cache hit)
npm http fetch GET 200 https://registry.npmjs.org/lodash.isfunction 197ms (cache revalidated)
npm http fetch GET 200 https://registry.npmjs.org/lodash.isfunction 193ms (cache revalidated)
npm http fetch GET 200 https://registry.npmjs.org/lodash.isobject 198ms (cache revalidated)
npm http fetch GET 200 https://registry.npmjs.org/tcomb 181ms (cache revalidated)
npm http fetch GET 200 https://registry.npmjs.org/tcomb-validation 169ms (cache revalidated)
npm http fetch GET 200 https://registry.npmjs.org/validator 166ms (cache revalidated)
npm http fetch GET 200 https://registry.npmjs.org/dateformat 722ms (cache revalidated)
npm http fetch GET 200 https://registry.npmjs.org/escape-html 734ms (cache revalidated)
npm http fetch GET 200 https://registry.npmjs.org/lodash.isempty 776ms (cache revalidated)
npm http fetch GET 200 https://registry.npmjs.org/opener 780ms (cache revalidated)
npm http fetch GET 200 https://registry.npmjs.org/file-type 191ms (cache revalidated)
npm http fetch GET 200 https://registry.npmjs.org/file-type 201ms (cache revalidated)
npm http fetch GET 200 https://registry.npmjs.org/file-type 209ms (cache revalidated)
npm http fetch GET 200 https://registry.npmjs.org/seek-bzip 215ms (cache revalidated)
npm http fetch GET 200 https://registry.npmjs.org/file-type 215ms (cache revalidated)
npm http fetch GET 200 https://registry.npmjs.org/unbzip2-stream 756ms (cache revalidated)
npm http fetch GET 200 https://registry.npmjs.org/is-natural-number 755ms (cache revalidated)
npm http fetch GET 200 https://registry.npmjs.org/buffer-alloc 161ms (cache revalidated)
npm http fetch GET 200 https://registry.npmjs.org/xtend 161ms (cache revalidated)
npm http fetch GET 200 https://registry.npmjs.org/to-buffer 783ms (cache revalidated)
npm http fetch GET 200 https://registry.npmjs.org/object-assign 159ms (cache revalidated)
npm http fetch GET 200 https://registry.npmjs.org/pinkie-promise 183ms (cache revalidated)
npm http fetch GET 200 https://registry.npmjs.org/ansi-regex 172ms (cache revalidated)
npm http fetch GET 200 https://registry.npmjs.org/path-key 164ms (cache revalidated)
npm http fetch GET 200 https://registry.npmjs.org/which 166ms (cache revalidated)
npm http fetch GET 200 https://registry.npmjs.org/pump 168ms (cache revalidated)
npm http fetch GET 200 https://registry.npmjs.org/path-key 172ms (cache revalidated)
npm http fetch GET 200 https://registry.npmjs.org/mimic-fn 172ms (cache revalidated)
npm http fetch GET 200 https://registry.npmjs.org/shebang-command 174ms (cache revalidated)
npm http fetch GET 200 https://registry.npmjs.org/shebang-regex 162ms (cache revalidated)
npm http fetch GET 200 https://registry.npmjs.org/isexe 168ms (cache revalidated)
npm http fetch GET 200 https://registry.npmjs.org/@types%2fnode 12ms (cache hit)
npm http fetch GET 200 https://registry.npmjs.org/undici-types 175ms (cache revalidated)
npm http fetch GET 200 https://registry.npmjs.org/pinkie 176ms (cache revalidated)
npm http fetch GET 200 https://registry.npmjs.org/wrappy 179ms (cache revalidated)
npm http fetch GET 200 https://registry.npmjs.org/wrappy 179ms (cache revalidated)
npm http fetch GET 200 https://registry.npmjs.org/brace-expansion 251ms (cache revalidated)
npm http fetch GET 200 https://registry.npmjs.org/jsbn 168ms (cache revalidated)
npm http fetch GET 200 https://registry.npmjs.org/extsprintf 172ms (cache revalidated)
npm http fetch GET 200 https://registry.npmjs.org/verror 172ms (cache revalidated)
npm http fetch GET 200 https://registry.npmjs.org/safer-buffer 174ms (cache revalidated)
npm http fetch GET 200 https://registry.npmjs.org/asn1 176ms (cache revalidated)
npm http fetch GET 200 https://registry.npmjs.org/getpass 177ms (cache revalidated)
npm http fetch GET 200 https://registry.npmjs.org/tweetnacl 177ms (cache revalidated)
npm http fetch GET 200 https://registry.npmjs.org/dashdash 182ms (cache revalidated)
npm http fetch GET 200 https://registry.npmjs.org/json-schema 207ms (cache revalidated)
npm http fetch GET 200 https://registry.npmjs.org/ecc-jsbn 211ms (cache revalidated)
npm http fetch GET 200 https://registry.npmjs.org/bcrypt-pbkdf 728ms (cache revalidated)
npm http fetch GET 200 https://registry.npmjs.org/aggregate-error 160ms (cache revalidated)
npm http fetch GET 200 https://registry.npmjs.org/tslib 173ms (cache revalidated)
npm http fetch GET 200 https://registry.npmjs.org/ansi-escapes 725ms (cache revalidated)
npm http fetch GET 200 https://registry.npmjs.org/astral-regex 167ms (cache revalidated)
npm http fetch GET 200 https://registry.npmjs.org/type-fest 167ms (cache revalidated)
npm http fetch GET 200 https://registry.npmjs.org/concat-map 160ms (cache revalidated)
npm http fetch GET 200 https://registry.npmjs.org/balanced-match 168ms (cache revalidated)
npm http fetch GET 200 https://registry.npmjs.org/is-glob 163ms (cache revalidated)
npm http fetch GET 200 https://registry.npmjs.org/fsevents 166ms (cache revalidated)
npm http fetch GET 200 https://registry.npmjs.org/anymatch 174ms (cache revalidated)
npm http fetch GET 200 https://registry.npmjs.org/randombytes 171ms (cache revalidated)
npm http fetch GET 200 https://registry.npmjs.org/is-binary-path 184ms (cache revalidated)
npm http fetch GET 200 https://registry.npmjs.org/glob-parent 190ms (cache revalidated)
npm http fetch GET 200 https://registry.npmjs.org/locate-path 189ms (cache revalidated)
npm http fetch GET 200 https://registry.npmjs.org/path-exists 190ms (cache revalidated)
npm http fetch GET 200 https://registry.npmjs.org/readdirp 193ms (cache revalidated)
npm http fetch GET 200 https://registry.npmjs.org/argparse 193ms (cache revalidated)
npm http fetch GET 200 https://registry.npmjs.org/braces 198ms (cache revalidated)
npm http fetch GET 200 https://registry.npmjs.org/escalade 178ms (cache revalidated)
npm http fetch GET 200 https://registry.npmjs.org/camelcase 174ms (cache revalidated)
npm http fetch GET 200 https://registry.npmjs.org/flat 176ms (cache revalidated)
npm http fetch GET 200 https://registry.npmjs.org/is-plain-obj 172ms (cache revalidated)
npm http fetch GET 200 https://registry.npmjs.org/picomatch 163ms (cache revalidated)
npm http fetch GET 200 https://registry.npmjs.org/fill-range 165ms (cache revalidated)
npm http fetch GET 200 https://registry.npmjs.org/is-extglob 167ms (cache revalidated)
npm http fetch GET 200 https://registry.npmjs.org/binary-extensions 170ms (cache revalidated)
npm http fetch GET 200 https://registry.npmjs.org/picomatch 170ms (cache revalidated)
npm http fetch GET 200 https://registry.npmjs.org/to-regex-range 168ms (cache revalidated)
npm http fetch GET 200 https://registry.npmjs.org/is-number 191ms (cache revalidated)
npm http fetch GET 200 https://registry.npmjs.org/p-locate 157ms (cache revalidated)
npm http fetch GET 200 https://registry.npmjs.org/p-limit 157ms (cache revalidated)
npm http fetch GET 200 https://registry.npmjs.org/react-is 161ms (cache revalidated)
npm http fetch GET 200 https://registry.npmjs.org/loose-envify 183ms (cache revalidated)
npm http fetch GET 200 https://registry.npmjs.org/easy-stack 724ms (cache revalidated)
npm http fetch GET 200 https://registry.npmjs.org/yocto-queue 178ms (cache revalidated)
npm http fetch GET 200 https://registry.npmjs.org/indent-string 166ms (cache revalidated)
npm http fetch GET 200 https://registry.npmjs.org/clean-stack 171ms (cache revalidated)
npm http fetch GET 200 https://registry.npmjs.org/js-tokens 166ms (cache revalidated)
npm http fetch GET 200 https://registry.npmjs.org/split 161ms (cache revalidated)
npm http fetch GET 200 https://registry.npmjs.org/from 177ms (cache revalidated)
npm http fetch GET 200 https://registry.npmjs.org/duplexer 182ms (cache revalidated)
npm http fetch GET 200 https://registry.npmjs.org/stream-combiner 202ms (cache revalidated)
npm http fetch GET 200 https://registry.npmjs.org/map-stream 234ms (cache revalidated)
npm http fetch GET 200 https://registry.npmjs.org/pause-stream 802ms (cache revalidated)
npm http fetch GET 200 https://registry.npmjs.org/object-inspect 175ms (cache revalidated)
npm http fetch GET 200 https://registry.npmjs.org/es-errors 186ms (cache revalidated)
npm http fetch GET 200 https://registry.npmjs.org/call-bind 190ms (cache revalidated)
npm http fetch GET 200 https://registry.npmjs.org/get-intrinsic 196ms (cache revalidated)
npm http fetch GET 200 https://registry.npmjs.org/ajv 8ms (cache hit)
npm http fetch GET 200 https://registry.npmjs.org/har-schema 186ms (cache revalidated)
npm http fetch GET 200 https://registry.npmjs.org/fast-json-stable-stringify 153ms (cache revalidated)
npm http fetch GET 200 https://registry.npmjs.org/json-schema-traverse 154ms (cache revalidated)
npm http fetch GET 200 https://registry.npmjs.org/uri-js 163ms (cache revalidated)
npm http fetch GET 200 https://registry.npmjs.org/fast-deep-equal 168ms (cache revalidated)
npm http fetch GET 200 https://registry.npmjs.org/function-bind 164ms (cache revalidated)
npm http fetch GET 200 https://registry.npmjs.org/has-symbols 166ms (cache revalidated)
npm http fetch GET 200 https://registry.npmjs.org/es-define-property 173ms (cache revalidated)
npm http fetch GET 200 https://registry.npmjs.org/hasown 171ms (cache revalidated)
npm http fetch GET 200 https://registry.npmjs.org/has-proto 174ms (cache revalidated)
npm http fetch GET 200 https://registry.npmjs.org/function-bind 176ms (cache revalidated)
npm http fetch GET 200 https://registry.npmjs.org/set-function-length 179ms (cache revalidated)
npm http fetch GET 200 https://registry.npmjs.org/define-data-property 157ms (cache revalidated)
npm http fetch GET 200 https://registry.npmjs.org/has-property-descriptors 157ms (cache revalidated)
npm http fetch GET 200 https://registry.npmjs.org/gopd 163ms (cache revalidated)
npm http fetch GET 200 https://registry.npmjs.org/requires-port 164ms (cache revalidated)
npm http fetch GET 200 https://registry.npmjs.org/querystringify 778ms (cache revalidated)
npm http fetch GET 200 https://registry.npmjs.org/ansi-align 178ms (cache revalidated)
npm http fetch GET 200 https://registry.npmjs.org/write-file-atomic 177ms (cache revalidated)
npm http fetch GET 200 https://registry.npmjs.org/unique-string 181ms (cache revalidated)
npm http fetch GET 200 https://registry.npmjs.org/escape-goat 180ms (cache revalidated)
npm http fetch GET 200 https://registry.npmjs.org/widest-line 186ms (cache revalidated)
npm http fetch GET 200 https://registry.npmjs.org/dot-prop 732ms (cache revalidated)
npm http fetch GET 200 https://registry.npmjs.org/cli-boxes 743ms (cache revalidated)
npm http fetch GET 200 https://registry.npmjs.org/package-json 753ms (cache revalidated)
npm http fetch GET 200 https://registry.npmjs.org/eastasianwidth 161ms (cache revalidated)
npm http fetch GET 200 https://registry.npmjs.org/typedarray-to-buffer 167ms (cache revalidated)
npm http fetch GET 200 https://registry.npmjs.org/crypto-random-string 173ms (cache revalidated)
npm http fetch GET 200 https://registry.npmjs.org/is-obj 182ms (cache revalidated)
npm http fetch GET 200 https://registry.npmjs.org/imurmurhash 189ms (cache revalidated)
npm http fetch GET 200 https://registry.npmjs.org/registry-url 186ms (cache revalidated)
npm http fetch GET 200 https://registry.npmjs.org/got 194ms (cache revalidated)
npm http fetch GET 200 https://registry.npmjs.org/registry-auth-token 713ms (cache revalidated)
npm http fetch GET 200 https://registry.npmjs.org/http2-wrapper 173ms (cache revalidated)
npm http fetch GET 200 https://registry.npmjs.org/responselike 183ms (cache revalidated)
npm http fetch GET 200 https://registry.npmjs.org/p-cancelable 200ms (cache revalidated)
npm http fetch GET 200 https://registry.npmjs.org/@szmarczak%2fhttp-timer 237ms (cache revalidated)
npm http fetch GET 200 https://registry.npmjs.org/cacheable-request 241ms (cache revalidated)
npm http fetch GET 200 https://registry.npmjs.org/lowercase-keys 249ms (cache revalidated)
npm http fetch GET 200 https://registry.npmjs.org/rc 174ms (cache revalidated)
npm http fetch GET 200 https://registry.npmjs.org/decompress-response 728ms (cache revalidated)
npm http fetch GET 200 https://registry.npmjs.org/cacheable-lookup 733ms (cache revalidated)
npm http fetch GET 200 https://registry.npmjs.org/form-data-encoder 747ms (cache revalidated)
npm http fetch GET 200 https://registry.npmjs.org/@sindresorhus%2fis 785ms (cache revalidated)
npm http fetch GET 200 https://registry.npmjs.org/@pnpm%2fnpm-conf 799ms (cache revalidated)
npm http fetch GET 200 https://registry.npmjs.org/mimic-response 168ms (cache revalidated)
npm http fetch GET 200 https://registry.npmjs.org/keyv 173ms (cache revalidated)
npm http fetch GET 200 https://registry.npmjs.org/defer-to-connect 181ms (cache revalidated)
npm http fetch GET 200 https://registry.npmjs.org/mimic-response 181ms (cache revalidated)
npm http fetch GET 200 https://registry.npmjs.org/resolve-alpn 182ms (cache revalidated)
npm http fetch GET 200 https://registry.npmjs.org/normalize-url 753ms (cache revalidated)
npm http fetch GET 200 https://registry.npmjs.org/quick-lru 757ms (cache revalidated)
npm http fetch GET 200 https://registry.npmjs.org/http-cache-semantics 762ms (cache revalidated)
npm http fetch GET 200 https://registry.npmjs.org/@types%2fhttp-cache-semantics 1306ms (cache revalidated)
npm http fetch GET 200 https://registry.npmjs.org/json-buffer 154ms (cache revalidated)
npm http fetch GET 200 https://registry.npmjs.org/@pnpm%2fnetwork.ca-file 517ms (cache revalidated)
npm http fetch GET 200 https://registry.npmjs.org/config-chain 732ms (cache revalidated)
npm http fetch GET 200 https://registry.npmjs.org/@pnpm%2fconfig.env-replace 1008ms (cache revalidated)
npm http fetch GET 200 https://registry.npmjs.org/proto-list 176ms (cache revalidated)
npm http fetch GET 200 https://registry.npmjs.org/deep-extend 159ms (cache revalidated)
npm http fetch GET 200 https://registry.npmjs.org/pend 166ms (cache revalidated)
npm http fetch GET 200 https://registry.npmjs.org/crc32-stream 715ms (cache revalidated)
npm http fetch GET 200 https://registry.npmjs.org/crc-32 892ms (cache revalidated)
npm http fetch GET 200 https://registry.npmjs.org/buffer-alloc-unsafe 168ms (cache revalidated)
npm http fetch GET 200 https://registry.npmjs.org/buffer-fill 169ms (cache revalidated)
npm http fetch GET 200 https://registry.npmjs.org/p-try 153ms (cache revalidated)
npm verbose reify failed optional dependency C:\Users\netog\OneDrive\Documentos\Pós\Modulo 6 web\projeto-cypress\tmpBstackPackages\node_modules\fsevents
npm http fetch POST 200 https://registry.npmjs.org/-/npm/v1/security/advisories/bulk 544ms
npm warn deprecated inflight@1.0.6: This module is not supported, and leaks memory. Do not use it. Check out lru-cache if you want a good and tested way to coalesce async requests by a key value, which is much more comprehensive and powerful.
npm warn deprecated rimraf@2.5.4: Rimraf versions prior to v4 are no longer supported
npm warn deprecated har-validator@5.1.5: this library is no longer supported
npm warn deprecated glob@7.2.3: Glob versions prior to v9 are no longer supported
npm warn deprecated glob@8.1.0: Glob versions prior to v9 are no longer supported
npm http fetch GET 200 https://registry.npmjs.org/request 636ms (cache revalidated)
npm http fetch GET 200 https://registry.npmjs.org/tough-cookie 646ms (cache revalidated)
npm warn deprecated uuid@3.4.0: Please upgrade  to version 7 or higher.  Older versions may use Math.random() in certain circumstances, which is known to be problematic.  See https://v8.dev/blog/math-random for details.
npm warn deprecated request@2.88.2: request has been deprecated, see https://github.com/request/request/issues/3142
npm http fetch GET 200 https://registry.npmjs.org/browserstack-cypress-cli 438ms (cache revalidated)
npm info run cypress@13.13.2 postinstall node_modules/cypress node index.js --exec install
npm info run cypress@13.13.2 postinstall { code: 0, signal: null }

added 501 packages, and audited 502 packages in 40s

96 packages are looking for funding
  run `npm fund` for details

3 moderate severity vulnerabilities

To address all issues (including breaking changes), run:
  npm audit fix --force

Run `npm audit` for details.
npm verbose cwd C:\Users\netog\OneDrive\Documentos\Pós\Modulo 6 web\projeto-cypress\tmpBstackPackages
npm verbose os Windows_NT 10.0.22631
npm verbose node v20.9.0
npm verbose npm  v10.8.2
npm verbose exit 0
npm info ok
